{"meta": {"format": 3, "version": "7.13.0", "timestamp": "2026-01-08T23:28:19.515091", "branch_coverage": false, "show_contexts": false}, "files": {"app/api/health.py": {"executed_lines": [], "summary": {"covered_lines": 0, "num_statements": 66, "percent_covered": 0.0, "percent_covered_display": "0", "missing_lines": 66, "excluded_lines": 0, "percent_statements_covered": 0.0, "percent_statements_covered_display": "0"}, "missing_lines": [7, 8, 10, 11, 13, 15, 17, 20, 23, 24, 25, 26, 27, 28, 31, 34, 35, 36, 40, 43, 45, 48, 50, 51, 53, 56, 65, 66, 67, 74, 76, 77, 79, 80, 82, 83, 90, 91, 98, 103, 104, 105, 112, 114, 115, 117, 119, 120, 128, 133, 134, 135, 142, 148, 157, 160, 162, 169, 177, 183, 191, 192, 197, 200, 205, 209], "excluded_lines": [], "functions": {"get_uptime": {"executed_lines": [], "summary": {"covered_lines": 0, "num_statements": 1, "percent_covered": 0.0, "percent_covered_display": "0", "missing_lines": 1, "excluded_lines": 0, "percent_statements_covered": 0.0, "percent_statements_covered_display": "0"}, "missing_lines": [45], "excluded_lines": []}, "check_config": {"executed_lines": [], "summary": {"covered_lines": 0, "num_statements": 7, "percent_covered": 0.0, "percent_covered_display": "0", "missing_lines": 7, "excluded_lines": 0, "percent_statements_covered": 0.0, "percent_statements_covered_display": "0"}, "missing_lines": [50, 51, 53, 56, 65, 66, 67], "excluded_lines": []}, "check_git_repository": {"executed_lines": [], "summary": {"covered_lines": 0, "num_statements": 12, "percent_covered": 0.0, "percent_covered_display": "0", "missing_lines": 12, "excluded_lines": 0, "percent_statements_covered": 0.0, "percent_statements_covered_display": "0"}, "missing_lines": [76, 77, 79, 80, 82, 83, 90, 91, 98, 103, 104, 105], "excluded_lines": []}, "check_claude_cli": {"executed_lines": [], "summary": {"covered_lines": 0, "num_statements": 9, "percent_covered": 0.0, "percent_covered_display": "0", "missing_lines": 9, "excluded_lines": 0, "percent_statements_covered": 0.0, "percent_statements_covered_display": "0"}, "missing_lines": [114, 115, 117, 119, 120, 128, 133, 134, 135], "excluded_lines": []}, "health_check": {"executed_lines": [], "summary": {"covered_lines": 0, "num_statements": 9, "percent_covered": 0.0, "percent_covered_display": "0", "missing_lines": 9, "excluded_lines": 0, "percent_statements_covered": 0.0, "percent_statements_covered_display": "0"}, "missing_lines": [157, 160, 162, 169, 177, 183, 191, 192, 197], "excluded_lines": []}, "ping": {"executed_lines": [], "summary": {"covered_lines": 0, "num_statements": 1, "percent_covered": 0.0, "percent_covered_display": "0", "missing_lines": 1, "excluded_lines": 0, "percent_statements_covered": 0.0, "percent_statements_covered_display": "0"}, "missing_lines": [209], "excluded_lines": []}, "": {"executed_lines": [], "summary": {"covered_lines": 0, "num_statements": 27, "percent_covered": 0.0, "percent_covered_display": "0", "missing_lines": 27, "excluded_lines": 0, "percent_statements_covered": 0.0, "percent_statements_covered_display": "0"}, "missing_lines": [7, 8, 10, 11, 13, 15, 17, 20, 23, 24, 25, 26, 27, 28, 31, 34, 35, 36, 40, 43, 48, 74, 112, 142, 148, 200, 205], "excluded_lines": []}}, "classes": {"HealthResponse": {"executed_lines": [], "summary": {"covered_lines": 0, "num_statements": 0, "percent_covered": 100.0, "percent_covered_display": "100", "missing_lines": 0, "excluded_lines": 0, "percent_statements_covered": 100.0, "percent_statements_covered_display": "100"}, "missing_lines": [], "excluded_lines": []}, "ServiceCheck": {"executed_lines": [], "summary": {"covered_lines": 0, "num_statements": 0, "percent_covered": 100.0, "percent_covered_display": "100", "missing_lines": 0, "excluded_lines": 0, "percent_statements_covered": 100.0, "percent_statements_covered_display": "100"}, "missing_lines": [], "excluded_lines": []}, "": {"executed_lines": [], "summary": {"covered_lines": 0, "num_statements": 66, "percent_covered": 0.0, "percent_covered_display": "0", "missing_lines": 66, "excluded_lines": 0, "percent_statements_covered": 0.0, "percent_statements_covered_display": "0"}, "missing_lines": [7, 8, 10, 11, 13, 15, 17, 20, 23, 24, 25, 26, 27, 28, 31, 34, 35, 36, 40, 43, 45, 48, 50, 51, 53, 56, 65, 66, 67, 74, 76, 77, 79, 80, 82, 83, 90, 91, 98, 103, 104, 105, 112, 114, 115, 117, 119, 120, 128, 133, 134, 135, 142, 148, 157, 160, 162, 169, 177, 183, 191, 192, 197, 200, 205, 209], "excluded_lines": []}}}, "app/config.py": {"executed_lines": [1, 7, 8, 9, 10, 12, 13, 14, 17, 18, 20, 21, 22, 23, 26, 27, 29, 30, 31, 32, 33, 34, 36, 37, 38, 40, 44, 46, 47, 49, 52, 53, 55, 56, 57, 59, 60, 61, 63, 64, 66, 68, 71, 72, 74, 75, 76, 77, 78, 80, 81, 82, 89, 90, 92, 93, 94, 95, 98, 99, 101, 102, 103, 104, 105, 106, 107, 109, 110, 111, 120, 121, 123, 124, 125, 126, 127, 133, 134, 136, 137, 138, 139, 142, 143, 145, 146, 147, 148, 149, 152, 153, 155, 156, 157, 158, 159, 160, 161, 162, 163, 166, 188, 225, 239, 242, 264], "summary": {"covered_lines": 96, "num_statements": 142, "percent_covered": 67.6056338028169, "percent_covered_display": "68", "missing_lines": 46, "excluded_lines": 0, "percent_statements_covered": 67.6056338028169, "percent_statements_covered_display": "68"}, "missing_lines": [41, 65, 67, 84, 85, 86, 113, 114, 115, 116, 117, 174, 175, 178, 180, 181, 182, 183, 185, 202, 203, 205, 206, 209, 210, 213, 216, 219, 220, 221, 222, 228, 229, 230, 231, 232, 233, 235, 253, 255, 256, 257, 258, 261, 275, 276], "excluded_lines": [], "functions": {"GitHubConfig.validate_required_env": {"executed_lines": [40, 44], "summary": {"covered_lines": 2, "num_statements": 3, "percent_covered": 66.66666666666667, "percent_covered_display": "67", "missing_lines": 1, "excluded_lines": 0, "percent_statements_covered": 66.66666666666667, "percent_statements_covered_display": "67"}, "missing_lines": [41], "excluded_lines": []}, "GitHubConfig.repo_full_name": {"executed_lines": [49], "summary": {"covered_lines": 1, "num_statements": 1, "percent_covered": 100.0, "percent_covered_display": "100", "missing_lines": 0, "excluded_lines": 0, "percent_statements_covered": 100.0, "percent_statements_covered_display": "100"}, "missing_lines": [], "excluded_lines": []}, "RepositoryConfig.validate_path": {"executed_lines": [63, 64, 66, 68], "summary": {"covered_lines": 4, "num_statements": 6, "percent_covered": 66.66666666666667, "percent_covered_display": "67", "missing_lines": 2, "excluded_lines": 0, "percent_statements_covered": 66.66666666666667, "percent_statements_covered_display": "67"}, "missing_lines": [65, 67], "excluded_lines": []}, "ClaudeConfig.validate_cwd": {"executed_lines": [], "summary": {"covered_lines": 0, "num_statements": 3, "percent_covered": 0.0, "percent_covered_display": "0", "missing_lines": 3, "excluded_lines": 0, "percent_statements_covered": 0.0, "percent_statements_covered_display": "0"}, "missing_lines": [84, 85, 86], "excluded_lines": []}, "LoggingConfig.validate_level": {"executed_lines": [], "summary": {"covered_lines": 0, "num_statements": 5, "percent_covered": 0.0, "percent_covered_display": "0", "missing_lines": 5, "excluded_lines": 0, "percent_statements_covered": 0.0, "percent_statements_covered_display": "0"}, "missing_lines": [113, 114, 115, 116, 117], "excluded_lines": []}, "load_env_var": {"executed_lines": [], "summary": {"covered_lines": 0, "num_statements": 5, "percent_covered": 0.0, "percent_covered_display": "0", "missing_lines": 5, "excluded_lines": 0, "percent_statements_covered": 0.0, "percent_statements_covered_display": "0"}, "missing_lines": [174, 175, 178, 180, 185], "excluded_lines": []}, "load_env_var.replace_env": {"executed_lines": [], "summary": {"covered_lines": 0, "num_statements": 3, "percent_covered": 0.0, "percent_covered_display": "0", "missing_lines": 3, "excluded_lines": 0, "percent_statements_covered": 0.0, "percent_statements_covered_display": "0"}, "missing_lines": [181, 182, 183], "excluded_lines": []}, "load_config": {"executed_lines": [], "summary": {"covered_lines": 0, "num_statements": 12, "percent_covered": 0.0, "percent_covered_display": "0", "missing_lines": 12, "excluded_lines": 0, "percent_statements_covered": 0.0, "percent_statements_covered_display": "0"}, "missing_lines": [202, 203, 205, 206, 209, 210, 213, 216, 219, 220, 221, 222], "excluded_lines": []}, "_replace_env_vars": {"executed_lines": [], "summary": {"covered_lines": 0, "num_statements": 7, "percent_covered": 0.0, "percent_covered_display": "0", "missing_lines": 7, "excluded_lines": 0, "percent_statements_covered": 0.0, "percent_statements_covered_display": "0"}, "missing_lines": [228, 229, 230, 231, 232, 233, 235], "excluded_lines": []}, "get_config": {"executed_lines": [], "summary": {"covered_lines": 0, "num_statements": 6, "percent_covered": 0.0, "percent_covered_display": "0", "missing_lines": 6, "excluded_lines": 0, "percent_statements_covered": 0.0, "percent_statements_covered_display": "0"}, "missing_lines": [253, 255, 256, 257, 258, 261], "excluded_lines": []}, "init_config": {"executed_lines": [], "summary": {"covered_lines": 0, "num_statements": 2, "percent_covered": 0.0, "percent_covered_display": "0", "missing_lines": 2, "excluded_lines": 0, "percent_statements_covered": 0.0, "percent_statements_covered_display": "0"}, "missing_lines": [275, 276], "excluded_lines": []}, "": {"executed_lines": [1, 7, 8, 9, 10, 12, 13, 14, 17, 18, 20, 21, 22, 23, 26, 27, 29, 30, 31, 32, 33, 34, 36, 37, 38, 46, 47, 52, 53, 55, 56, 57, 59, 60, 61, 71, 72, 74, 75, 76, 77, 78, 80, 81, 82, 89, 90, 92, 93, 94, 95, 98, 99, 101, 102, 103, 104, 105, 106, 107, 109, 110, 111, 120, 121, 123, 124, 125, 126, 127, 133, 134, 136, 137, 138, 139, 142, 143, 145, 146, 147, 148, 149, 152, 153, 155, 156, 157, 158, 159, 160, 161, 162, 163, 166, 188, 225, 239, 242, 264], "summary": {"covered_lines": 89, "num_statements": 89, "percent_covered": 100.0, "percent_covered_display": "100", "missing_lines": 0, "excluded_lines": 0, "percent_statements_covered": 100.0, "percent_statements_covered_display": "100"}, "missing_lines": [], "excluded_lines": []}}, "classes": {"ServerConfig": {"executed_lines": [], "summary": {"covered_lines": 0, "num_statements": 0, "percent_covered": 100.0, "percent_covered_display": "100", "missing_lines": 0, "excluded_lines": 0, "percent_statements_covered": 100.0, "percent_statements_covered_display": "100"}, "missing_lines": [], "excluded_lines": []}, "GitHubConfig": {"executed_lines": [40, 44, 49], "summary": {"covered_lines": 3, "num_statements": 4, "percent_covered": 75.0, "percent_covered_display": "75", "missing_lines": 1, "excluded_lines": 0, "percent_statements_covered": 75.0, "percent_statements_covered_display": "75"}, "missing_lines": [41], "excluded_lines": []}, "RepositoryConfig": {"executed_lines": [63, 64, 66, 68], "summary": {"covered_lines": 4, "num_statements": 6, "percent_covered": 66.66666666666667, "percent_covered_display": "67", "missing_lines": 2, "excluded_lines": 0, "percent_statements_covered": 66.66666666666667, "percent_statements_covered_display": "67"}, "missing_lines": [65, 67], "excluded_lines": []}, "ClaudeConfig": {"executed_lines": [], "summary": {"covered_lines": 0, "num_statements": 3, "percent_covered": 0.0, "percent_covered_display": "0", "missing_lines": 3, "excluded_lines": 0, "percent_statements_covered": 0.0, "percent_statements_covered_display": "0"}, "missing_lines": [84, 85, 86], "excluded_lines": []}, "TaskConfig": {"executed_lines": [], "summary": {"covered_lines": 0, "num_statements": 0, "percent_covered": 100.0, "percent_covered_display": "100", "missing_lines": 0, "excluded_lines": 0, "percent_statements_covered": 100.0, "percent_statements_covered_display": "100"}, "missing_lines": [], "excluded_lines": []}, "LoggingConfig": {"executed_lines": [], "summary": {"covered_lines": 0, "num_statements": 5, "percent_covered": 0.0, "percent_covered_display": "0", "missing_lines": 5, "excluded_lines": 0, "percent_statements_covered": 0.0, "percent_statements_covered_display": "0"}, "missing_lines": [113, 114, 115, 116, 117], "excluded_lines": []}, "SecurityConfig": {"executed_lines": [], "summary": {"covered_lines": 0, "num_statements": 0, "percent_covered": 100.0, "percent_covered_display": "100", "missing_lines": 0, "excluded_lines": 0, "percent_statements_covered": 100.0, "percent_statements_covered_display": "100"}, "missing_lines": [], "excluded_lines": []}, "PerformanceConfig": {"executed_lines": [], "summary": {"covered_lines": 0, "num_statements": 0, "percent_covered": 100.0, "percent_covered_display": "100", "missing_lines": 0, "excluded_lines": 0, "percent_statements_covered": 100.0, "percent_statements_covered_display": "100"}, "missing_lines": [], "excluded_lines": []}, "NotificationConfig": {"executed_lines": [], "summary": {"covered_lines": 0, "num_statements": 0, "percent_covered": 100.0, "percent_covered_display": "100", "missing_lines": 0, "excluded_lines": 0, "percent_statements_covered": 100.0, "percent_statements_covered_display": "100"}, "missing_lines": [], "excluded_lines": []}, "Config": {"executed_lines": [], "summary": {"covered_lines": 0, "num_statements": 0, "percent_covered": 100.0, "percent_covered_display": "100", "missing_lines": 0, "excluded_lines": 0, "percent_statements_covered": 100.0, "percent_statements_covered_display": "100"}, "missing_lines": [], "excluded_lines": []}, "": {"executed_lines": [1, 7, 8, 9, 10, 12, 13, 14, 17, 18, 20, 21, 22, 23, 26, 27, 29, 30, 31, 32, 33, 34, 36, 37, 38, 46, 47, 52, 53, 55, 56, 57, 59, 60, 61, 71, 72, 74, 75, 76, 77, 78, 80, 81, 82, 89, 90, 92, 93, 94, 95, 98, 99, 101, 102, 103, 104, 105, 106, 107, 109, 110, 111, 120, 121, 123, 124, 125, 126, 127, 133, 134, 136, 137, 138, 139, 142, 143, 145, 146, 147, 148, 149, 152, 153, 155, 156, 157, 158, 159, 160, 161, 162, 163, 166, 188, 225, 239, 242, 264], "summary": {"covered_lines": 89, "num_statements": 124, "percent_covered": 71.7741935483871, "percent_covered_display": "72", "missing_lines": 35, "excluded_lines": 0, "percent_statements_covered": 71.7741935483871, "percent_statements_covered_display": "72"}, "missing_lines": [174, 175, 178, 180, 181, 182, 183, 185, 202, 203, 205, 206, 209, 210, 213, 216, 219, 220, 221, 222, 228, 229, 230, 231, 232, 233, 235, 253, 255, 256, 257, 258, 261, 275, 276], "excluded_lines": []}}}, "app/main.py": {"executed_lines": [], "summary": {"covered_lines": 0, "num_statements": 104, "percent_covered": 0.0, "percent_covered_display": "0", "missing_lines": 104, "excluded_lines": 2, "percent_statements_covered": 0.0, "percent_statements_covered_display": "0"}, "missing_lines": [7, 8, 9, 11, 12, 13, 14, 15, 17, 18, 19, 22, 25, 28, 34, 37, 40, 43, 44, 47, 52, 55, 56, 64, 65, 66, 68, 70, 71, 74, 75, 78, 79, 80, 81, 83, 84, 85, 87, 88, 89, 91, 94, 95, 99, 111, 113, 114, 115, 116, 117, 119, 122, 132, 136, 140, 141, 143, 148, 159, 160, 165, 169, 181, 182, 184, 189, 201, 202, 208, 218, 219, 230, 232, 235, 236, 238, 240, 245, 246, 252, 255, 257, 263, 265, 268, 270, 271, 272, 273, 274, 278, 279, 282, 285, 292, 293, 294, 295, 296, 302, 308, 311, 314], "excluded_lines": [324, 325], "functions": {"TimingMiddleware.dispatch": {"executed_lines": [], "summary": {"covered_lines": 0, "num_statements": 7, "percent_covered": 0.0, "percent_covered_display": "0", "missing_lines": 7, "excluded_lines": 0, "percent_statements_covered": 0.0, "percent_statements_covered_display": "0"}, "missing_lines": [34, 37, 40, 43, 44, 47, 52], "excluded_lines": []}, "lifespan": {"executed_lines": [], "summary": {"covered_lines": 0, "num_statements": 21, "percent_covered": 0.0, "percent_covered_display": "0", "missing_lines": 21, "excluded_lines": 0, "percent_statements_covered": 0.0, "percent_statements_covered_display": "0"}, "missing_lines": [64, 65, 66, 68, 70, 71, 74, 75, 78, 79, 80, 81, 83, 84, 85, 87, 88, 89, 91, 94, 95], "excluded_lines": []}, "get_cors_origins": {"executed_lines": [], "summary": {"covered_lines": 0, "num_statements": 6, "percent_covered": 0.0, "percent_covered_display": "0", "missing_lines": 6, "excluded_lines": 0, "percent_statements_covered": 0.0, "percent_statements_covered_display": "0"}, "missing_lines": [113, 114, 115, 116, 117, 119], "excluded_lines": []}, "http_exception_handler": {"executed_lines": [], "summary": {"covered_lines": 0, "num_statements": 2, "percent_covered": 0.0, "percent_covered_display": "0", "missing_lines": 2, "excluded_lines": 0, "percent_statements_covered": 0.0, "percent_statements_covered_display": "0"}, "missing_lines": [143, 148], "excluded_lines": []}, "validation_exception_handler": {"executed_lines": [], "summary": {"covered_lines": 0, "num_statements": 2, "percent_covered": 0.0, "percent_covered_display": "0", "missing_lines": 2, "excluded_lines": 0, "percent_statements_covered": 0.0, "percent_statements_covered_display": "0"}, "missing_lines": [165, 169], "excluded_lines": []}, "general_exception_handler": {"executed_lines": [], "summary": {"covered_lines": 0, "num_statements": 2, "percent_covered": 0.0, "percent_covered_display": "0", "missing_lines": 2, "excluded_lines": 0, "percent_statements_covered": 0.0, "percent_statements_covered_display": "0"}, "missing_lines": [184, 189], "excluded_lines": []}, "root": {"executed_lines": [], "summary": {"covered_lines": 0, "num_statements": 1, "percent_covered": 0.0, "percent_covered_display": "0", "missing_lines": 1, "excluded_lines": 0, "percent_statements_covered": 0.0, "percent_statements_covered_display": "0"}, "missing_lines": [208], "excluded_lines": []}, "github_webhook": {"executed_lines": [], "summary": {"covered_lines": 0, "num_statements": 22, "percent_covered": 0.0, "percent_covered_display": "0", "missing_lines": 22, "excluded_lines": 0, "percent_statements_covered": 0.0, "percent_statements_covered_display": "0"}, "missing_lines": [230, 232, 235, 236, 238, 240, 245, 246, 252, 255, 257, 263, 265, 268, 270, 282, 285, 292, 293, 294, 295, 296], "excluded_lines": []}, "github_webhook.process_event": {"executed_lines": [], "summary": {"covered_lines": 0, "num_statements": 6, "percent_covered": 0.0, "percent_covered_display": "0", "missing_lines": 6, "excluded_lines": 0, "percent_statements_covered": 0.0, "percent_statements_covered_display": "0"}, "missing_lines": [271, 272, 273, 274, 278, 279], "excluded_lines": []}, "main": {"executed_lines": [], "summary": {"covered_lines": 0, "num_statements": 3, "percent_covered": 0.0, "percent_covered_display": "0", "missing_lines": 3, "excluded_lines": 0, "percent_statements_covered": 0.0, "percent_statements_covered_display": "0"}, "missing_lines": [308, 311, 314], "excluded_lines": []}, "": {"executed_lines": [], "summary": {"covered_lines": 0, "num_statements": 32, "percent_covered": 0.0, "percent_covered_display": "0", "missing_lines": 32, "excluded_lines": 2, "percent_statements_covered": 0.0, "percent_statements_covered_display": "0"}, "missing_lines": [7, 8, 9, 11, 12, 13, 14, 15, 17, 18, 19, 22, 25, 28, 55, 56, 99, 111, 122, 132, 136, 140, 141, 159, 160, 181, 182, 201, 202, 218, 219, 302], "excluded_lines": [324, 325]}}, "classes": {"TimingMiddleware": {"executed_lines": [], "summary": {"covered_lines": 0, "num_statements": 7, "percent_covered": 0.0, "percent_covered_display": "0", "missing_lines": 7, "excluded_lines": 0, "percent_statements_covered": 0.0, "percent_statements_covered_display": "0"}, "missing_lines": [34, 37, 40, 43, 44, 47, 52], "excluded_lines": []}, "": {"executed_lines": [], "summary": {"covered_lines": 0, "num_statements": 97, "percent_covered": 0.0, "percent_covered_display": "0", "missing_lines": 97, "excluded_lines": 2, "percent_statements_covered": 0.0, "percent_statements_covered_display": "0"}, "missing_lines": [7, 8, 9, 11, 12, 13, 14, 15, 17, 18, 19, 22, 25, 28, 55, 56, 64, 65, 66, 68, 70, 71, 74, 75, 78, 79, 80, 81, 83, 84, 85, 87, 88, 89, 91, 94, 95, 99, 111, 113, 114, 115, 116, 117, 119, 122, 132, 136, 140, 141, 143, 148, 159, 160, 165, 169, 181, 182, 184, 189, 201, 202, 208, 218, 219, 230, 232, 235, 236, 238, 240, 245, 246, 252, 255, 257, 263, 265, 268, 270, 271, 272, 273, 274, 278, 279, 282, 285, 292, 293, 294, 295, 296, 302, 308, 311, 314], "excluded_lines": [324, 325]}}}, "app/models/github_events.py": {"executed_lines": [], "summary": {"covered_lines": 0, "num_statements": 90, "percent_covered": 0.0, "percent_covered_display": "0", "missing_lines": 90, "excluded_lines": 0, "percent_statements_covered": 0.0, "percent_statements_covered_display": "0"}, "missing_lines": [7, 8, 10, 13, 16, 17, 18, 19, 22, 25, 26, 27, 28, 29, 32, 35, 36, 37, 38, 39, 40, 41, 42, 43, 44, 45, 46, 47, 50, 53, 54, 55, 56, 57, 58, 59, 62, 65, 66, 67, 68, 69, 70, 73, 76, 77, 78, 79, 80, 83, 87, 88, 89, 92, 95, 98, 99, 100, 101, 104, 107, 108, 109, 110, 111, 112, 113, 114, 115, 116, 119, 120, 123, 126, 127, 128, 129, 130, 131, 132, 135, 138, 139, 140, 141, 142, 143, 144, 145, 146], "excluded_lines": [], "functions": {"": {"executed_lines": [], "summary": {"covered_lines": 0, "num_statements": 90, "percent_covered": 0.0, "percent_covered_display": "0", "missing_lines": 90, "excluded_lines": 0, "percent_statements_covered": 0.0, "percent_statements_covered_display": "0"}, "missing_lines": [7, 8, 10, 13, 16, 17, 18, 19, 22, 25, 26, 27, 28, 29, 32, 35, 36, 37, 38, 39, 40, 41, 42, 43, 44, 45, 46, 47, 50, 53, 54, 55, 56, 57, 58, 59, 62, 65, 66, 67, 68, 69, 70, 73, 76, 77, 78, 79, 80, 83, 87, 88, 89, 92, 95, 98, 99, 100, 101, 104, 107, 108, 109, 110, 111, 112, 113, 114, 115, 116, 119, 120, 123, 126, 127, 128, 129, 130, 131, 132, 135, 138, 139, 140, 141, 142, 143, 144, 145, 146], "excluded_lines": []}}, "classes": {"GitHubUser": {"executed_lines": [], "summary": {"covered_lines": 0, "num_statements": 0, "percent_covered": 100.0, "percent_covered_display": "100", "missing_lines": 0, "excluded_lines": 0, "percent_statements_covered": 100.0, "percent_statements_covered_display": "100"}, "missing_lines": [], "excluded_lines": []}, "GitHubLabel": {"executed_lines": [], "summary": {"covered_lines": 0, "num_statements": 0, "percent_covered": 100.0, "percent_covered_display": "100", "missing_lines": 0, "excluded_lines": 0, "percent_statements_covered": 100.0, "percent_statements_covered_display": "100"}, "missing_lines": [], "excluded_lines": []}, "GitHubIssue": {"executed_lines": [], "summary": {"covered_lines": 0, "num_statements": 0, "percent_covered": 100.0, "percent_covered_display": "100", "missing_lines": 0, "excluded_lines": 0, "percent_statements_covered": 100.0, "percent_statements_covered_display": "100"}, "missing_lines": [], "excluded_lines": []}, "GitHubComment": {"executed_lines": [], "summary": {"covered_lines": 0, "num_statements": 0, "percent_covered": 100.0, "percent_covered_display": "100", "missing_lines": 0, "excluded_lines": 0, "percent_statements_covered": 100.0, "percent_statements_covered_display": "100"}, "missing_lines": [], "excluded_lines": []}, "IssueEvent": {"executed_lines": [], "summary": {"covered_lines": 0, "num_statements": 0, "percent_covered": 100.0, "percent_covered_display": "100", "missing_lines": 0, "excluded_lines": 0, "percent_statements_covered": 100.0, "percent_statements_covered_display": "100"}, "missing_lines": [], "excluded_lines": []}, "IssueCommentEvent": {"executed_lines": [], "summary": {"covered_lines": 0, "num_statements": 0, "percent_covered": 100.0, "percent_covered_display": "100", "missing_lines": 0, "excluded_lines": 0, "percent_statements_covered": 100.0, "percent_statements_covered_display": "100"}, "missing_lines": [], "excluded_lines": []}, "WebhookPayload": {"executed_lines": [], "summary": {"covered_lines": 0, "num_statements": 0, "percent_covered": 100.0, "percent_covered_display": "100", "missing_lines": 0, "excluded_lines": 0, "percent_statements_covered": 100.0, "percent_statements_covered_display": "100"}, "missing_lines": [], "excluded_lines": []}, "TriggerCondition": {"executed_lines": [], "summary": {"covered_lines": 0, "num_statements": 0, "percent_covered": 100.0, "percent_covered_display": "100", "missing_lines": 0, "excluded_lines": 0, "percent_statements_covered": 100.0, "percent_statements_covered_display": "100"}, "missing_lines": [], "excluded_lines": []}, "DevelopmentTask": {"executed_lines": [], "summary": {"covered_lines": 0, "num_statements": 0, "percent_covered": 100.0, "percent_covered_display": "100", "missing_lines": 0, "excluded_lines": 0, "percent_statements_covered": 100.0, "percent_statements_covered_display": "100"}, "missing_lines": [], "excluded_lines": []}, "TaskResult": {"executed_lines": [], "summary": {"covered_lines": 0, "num_statements": 0, "percent_covered": 100.0, "percent_covered_display": "100", "missing_lines": 0, "excluded_lines": 0, "percent_statements_covered": 100.0, "percent_statements_covered_display": "100"}, "missing_lines": [], "excluded_lines": []}, "RepositoryInfo": {"executed_lines": [], "summary": {"covered_lines": 0, "num_statements": 0, "percent_covered": 100.0, "percent_covered_display": "100", "missing_lines": 0, "excluded_lines": 0, "percent_statements_covered": 100.0, "percent_statements_covered_display": "100"}, "missing_lines": [], "excluded_lines": []}, "": {"executed_lines": [], "summary": {"covered_lines": 0, "num_statements": 90, "percent_covered": 0.0, "percent_covered_display": "0", "missing_lines": 90, "excluded_lines": 0, "percent_statements_covered": 0.0, "percent_statements_covered_display": "0"}, "missing_lines": [7, 8, 10, 13, 16, 17, 18, 19, 22, 25, 26, 27, 28, 29, 32, 35, 36, 37, 38, 39, 40, 41, 42, 43, 44, 45, 46, 47, 50, 53, 54, 55, 56, 57, 58, 59, 62, 65, 66, 67, 68, 69, 70, 73, 76, 77, 78, 79, 80, 83, 87, 88, 89, 92, 95, 98, 99, 100, 101, 104, 107, 108, 109, 110, 111, 112, 113, 114, 115, 116, 119, 120, 123, 126, 127, 128, 129, 130, 131, 132, 135, 138, 139, 140, 141, 142, 143, 144, 145, 146], "excluded_lines": []}}}, "app/services/claude_service.py": {"executed_lines": [], "summary": {"covered_lines": 0, "num_statements": 97, "percent_covered": 0.0, "percent_covered_display": "0", "missing_lines": 97, "excluded_lines": 0, "percent_statements_covered": 0.0, "percent_statements_covered_display": "0"}, "missing_lines": [7, 8, 9, 10, 12, 14, 17, 24, 36, 38, 40, 41, 42, 43, 45, 52, 71, 73, 75, 104, 106, 130, 132, 133, 135, 138, 139, 140, 141, 143, 145, 148, 149, 153, 154, 157, 158, 162, 163, 164, 165, 166, 167, 173, 174, 175, 176, 179, 180, 185, 193, 207, 209, 211, 216, 217, 219, 222, 231, 234, 243, 245, 246, 250, 251, 252, 253, 256, 257, 260, 261, 262, 263, 265, 272, 273, 274, 275, 276, 280, 281, 282, 283, 284, 286, 293, 295, 302, 307, 308, 309, 310, 312, 313, 315, 316, 317], "excluded_lines": [], "functions": {"ClaudeService.__init__": {"executed_lines": [], "summary": {"covered_lines": 0, "num_statements": 7, "percent_covered": 0.0, "percent_covered_display": "0", "missing_lines": 7, "excluded_lines": 0, "percent_statements_covered": 0.0, "percent_statements_covered_display": "0"}, "missing_lines": [36, 38, 40, 41, 42, 43, 45], "excluded_lines": []}, "ClaudeService._build_prompt": {"executed_lines": [], "summary": {"covered_lines": 0, "num_statements": 4, "percent_covered": 0.0, "percent_covered_display": "0", "missing_lines": 4, "excluded_lines": 0, "percent_statements_covered": 0.0, "percent_statements_covered_display": "0"}, "missing_lines": [71, 73, 75, 104], "excluded_lines": []}, "ClaudeService.develop_feature": {"executed_lines": [], "summary": {"covered_lines": 0, "num_statements": 29, "percent_covered": 0.0, "percent_covered_display": "0", "missing_lines": 29, "excluded_lines": 0, "percent_statements_covered": 0.0, "percent_statements_covered_display": "0"}, "missing_lines": [130, 132, 133, 135, 138, 139, 140, 141, 143, 145, 148, 149, 153, 154, 157, 158, 162, 163, 164, 165, 166, 167, 173, 174, 175, 176, 179, 180, 185], "excluded_lines": []}, "ClaudeService._execute_claude": {"executed_lines": [], "summary": {"covered_lines": 0, "num_statements": 33, "percent_covered": 0.0, "percent_covered_display": "0", "missing_lines": 33, "excluded_lines": 0, "percent_statements_covered": 0.0, "percent_statements_covered_display": "0"}, "missing_lines": [207, 209, 211, 216, 217, 219, 222, 231, 234, 243, 245, 246, 250, 251, 252, 253, 256, 257, 260, 261, 262, 263, 265, 272, 273, 274, 275, 276, 280, 281, 282, 283, 284], "excluded_lines": []}, "ClaudeService.test_connection": {"executed_lines": [], "summary": {"covered_lines": 0, "num_statements": 12, "percent_covered": 0.0, "percent_covered_display": "0", "missing_lines": 12, "excluded_lines": 0, "percent_statements_covered": 0.0, "percent_statements_covered_display": "0"}, "missing_lines": [293, 295, 302, 307, 308, 309, 310, 312, 313, 315, 316, 317], "excluded_lines": []}, "": {"executed_lines": [], "summary": {"covered_lines": 0, "num_statements": 12, "percent_covered": 0.0, "percent_covered_display": "0", "missing_lines": 12, "excluded_lines": 0, "percent_statements_covered": 0.0, "percent_statements_covered_display": "0"}, "missing_lines": [7, 8, 9, 10, 12, 14, 17, 24, 52, 106, 193, 286], "excluded_lines": []}}, "classes": {"ClaudeService": {"executed_lines": [], "summary": {"covered_lines": 0, "num_statements": 85, "percent_covered": 0.0, "percent_covered_display": "0", "missing_lines": 85, "excluded_lines": 0, "percent_statements_covered": 0.0, "percent_statements_covered_display": "0"}, "missing_lines": [36, 38, 40, 41, 42, 43, 45, 71, 73, 75, 104, 130, 132, 133, 135, 138, 139, 140, 141, 143, 145, 148, 149, 153, 154, 157, 158, 162, 163, 164, 165, 166, 167, 173, 174, 175, 176, 179, 180, 185, 207, 209, 211, 216, 217, 219, 222, 231, 234, 243, 245, 246, 250, 251, 252, 253, 256, 257, 260, 261, 262, 263, 265, 272, 273, 274, 275, 276, 280, 281, 282, 283, 284, 293, 295, 302, 307, 308, 309, 310, 312, 313, 315, 316, 317], "excluded_lines": []}, "": {"executed_lines": [], "summary": {"covered_lines": 0, "num_statements": 12, "percent_covered": 0.0, "percent_covered_display": "0", "missing_lines": 12, "excluded_lines": 0, "percent_statements_covered": 0.0, "percent_statements_covered_display": "0"}, "missing_lines": [7, 8, 9, 10, 12, 14, 17, 24, 52, 106, 193, 286], "excluded_lines": []}}}, "app/services/git_service.py": {"executed_lines": [], "summary": {"covered_lines": 0, "num_statements": 129, "percent_covered": 0.0, "percent_covered_display": "0", "missing_lines": 129, "excluded_lines": 0, "percent_statements_covered": 0.0, "percent_statements_covered_display": "0"}, "missing_lines": [7, 8, 9, 11, 12, 14, 17, 24, 34, 35, 36, 37, 39, 42, 43, 45, 46, 47, 48, 49, 51, 69, 70, 72, 73, 74, 77, 78, 83, 88, 91, 92, 93, 96, 97, 99, 100, 102, 103, 104, 106, 124, 126, 127, 128, 130, 133, 134, 136, 137, 138, 139, 141, 144, 145, 146, 149, 150, 154, 156, 157, 158, 160, 177, 178, 180, 183, 184, 187, 188, 190, 193, 194, 197, 198, 199, 201, 203, 204, 205, 207, 214, 216, 223, 225, 232, 233, 241, 242, 243, 245, 255, 256, 257, 258, 259, 260, 261, 263, 278, 279, 281, 283, 284, 286, 287, 289, 291, 292, 294, 296, 297, 298, 300, 307, 308, 311, 314, 316, 318, 319, 320, 322, 332, 333, 337, 338, 339, 340], "excluded_lines": [], "functions": {"GitService.__init__": {"executed_lines": [], "summary": {"covered_lines": 0, "num_statements": 12, "percent_covered": 0.0, "percent_covered_display": "0", "missing_lines": 12, "excluded_lines": 0, "percent_statements_covered": 0.0, "percent_statements_covered_display": "0"}, "missing_lines": [34, 35, 36, 37, 39, 42, 43, 45, 46, 47, 48, 49], "excluded_lines": []}, "GitService.create_feature_branch": {"executed_lines": [], "summary": {"covered_lines": 0, "num_statements": 19, "percent_covered": 0.0, "percent_covered_display": "0", "missing_lines": 19, "excluded_lines": 0, "percent_statements_covered": 0.0, "percent_statements_covered_display": "0"}, "missing_lines": [69, 70, 72, 73, 74, 77, 78, 83, 88, 91, 92, 93, 96, 97, 99, 100, 102, 103, 104], "excluded_lines": []}, "GitService.commit_changes": {"executed_lines": [], "summary": {"covered_lines": 0, "num_statements": 21, "percent_covered": 0.0, "percent_covered_display": "0", "missing_lines": 21, "excluded_lines": 0, "percent_statements_covered": 0.0, "percent_statements_covered_display": "0"}, "missing_lines": [124, 126, 127, 128, 130, 133, 134, 136, 137, 138, 139, 141, 144, 145, 146, 149, 150, 154, 156, 157, 158], "excluded_lines": []}, "GitService.push_to_remote": {"executed_lines": [], "summary": {"covered_lines": 0, "num_statements": 17, "percent_covered": 0.0, "percent_covered_display": "0", "missing_lines": 17, "excluded_lines": 0, "percent_statements_covered": 0.0, "percent_statements_covered_display": "0"}, "missing_lines": [177, 178, 180, 183, 184, 187, 188, 190, 193, 194, 197, 198, 199, 201, 203, 204, 205], "excluded_lines": []}, "GitService.has_changes": {"executed_lines": [], "summary": {"covered_lines": 0, "num_statements": 1, "percent_covered": 0.0, "percent_covered_display": "0", "missing_lines": 1, "excluded_lines": 0, "percent_statements_covered": 0.0, "percent_statements_covered_display": "0"}, "missing_lines": [214], "excluded_lines": []}, "GitService.get_current_branch": {"executed_lines": [], "summary": {"covered_lines": 0, "num_statements": 1, "percent_covered": 0.0, "percent_covered_display": "0", "missing_lines": 1, "excluded_lines": 0, "percent_statements_covered": 0.0, "percent_statements_covered_display": "0"}, "missing_lines": [223], "excluded_lines": []}, "GitService.get_status": {"executed_lines": [], "summary": {"covered_lines": 0, "num_statements": 5, "percent_covered": 0.0, "percent_covered_display": "0", "missing_lines": 5, "excluded_lines": 0, "percent_statements_covered": 0.0, "percent_statements_covered_display": "0"}, "missing_lines": [232, 233, 241, 242, 243], "excluded_lines": []}, "GitService.checkout_branch": {"executed_lines": [], "summary": {"covered_lines": 0, "num_statements": 7, "percent_covered": 0.0, "percent_covered_display": "0", "missing_lines": 7, "excluded_lines": 0, "percent_statements_covered": 0.0, "percent_statements_covered_display": "0"}, "missing_lines": [255, 256, 257, 258, 259, 260, 261], "excluded_lines": []}, "GitService.pull_latest": {"executed_lines": [], "summary": {"covered_lines": 0, "num_statements": 14, "percent_covered": 0.0, "percent_covered_display": "0", "missing_lines": 14, "excluded_lines": 0, "percent_statements_covered": 0.0, "percent_statements_covered_display": "0"}, "missing_lines": [278, 279, 281, 283, 284, 286, 287, 289, 291, 292, 294, 296, 297, 298], "excluded_lines": []}, "GitService.discard_changes": {"executed_lines": [], "summary": {"covered_lines": 0, "num_statements": 8, "percent_covered": 0.0, "percent_covered_display": "0", "missing_lines": 8, "excluded_lines": 0, "percent_statements_covered": 0.0, "percent_statements_covered_display": "0"}, "missing_lines": [307, 308, 311, 314, 316, 318, 319, 320], "excluded_lines": []}, "GitService.get_diff": {"executed_lines": [], "summary": {"covered_lines": 0, "num_statements": 6, "percent_covered": 0.0, "percent_covered_display": "0", "missing_lines": 6, "excluded_lines": 0, "percent_statements_covered": 0.0, "percent_statements_covered_display": "0"}, "missing_lines": [332, 333, 337, 338, 339, 340], "excluded_lines": []}, "": {"executed_lines": [], "summary": {"covered_lines": 0, "num_statements": 18, "percent_covered": 0.0, "percent_covered_display": "0", "missing_lines": 18, "excluded_lines": 0, "percent_statements_covered": 0.0, "percent_statements_covered_display": "0"}, "missing_lines": [7, 8, 9, 11, 12, 14, 17, 24, 51, 106, 160, 207, 216, 225, 245, 263, 300, 322], "excluded_lines": []}}, "classes": {"GitService": {"executed_lines": [], "summary": {"covered_lines": 0, "num_statements": 111, "percent_covered": 0.0, "percent_covered_display": "0", "missing_lines": 111, "excluded_lines": 0, "percent_statements_covered": 0.0, "percent_statements_covered_display": "0"}, "missing_lines": [34, 35, 36, 37, 39, 42, 43, 45, 46, 47, 48, 49, 69, 70, 72, 73, 74, 77, 78, 83, 88, 91, 92, 93, 96, 97, 99, 100, 102, 103, 104, 124, 126, 127, 128, 130, 133, 134, 136, 137, 138, 139, 141, 144, 145, 146, 149, 150, 154, 156, 157, 158, 177, 178, 180, 183, 184, 187, 188, 190, 193, 194, 197, 198, 199, 201, 203, 204, 205, 214, 223, 232, 233, 241, 242, 243, 255, 256, 257, 258, 259, 260, 261, 278, 279, 281, 283, 284, 286, 287, 289, 291, 292, 294, 296, 297, 298, 307, 308, 311, 314, 316, 318, 319, 320, 332, 333, 337, 338, 339, 340], "excluded_lines": []}, "": {"executed_lines": [], "summary": {"covered_lines": 0, "num_statements": 18, "percent_covered": 0.0, "percent_covered_display": "0", "missing_lines": 18, "excluded_lines": 0, "percent_statements_covered": 0.0, "percent_statements_covered_display": "0"}, "missing_lines": [7, 8, 9, 11, 12, 14, 17, 24, 51, 106, 160, 207, 216, 225, 245, 263, 300, 322], "excluded_lines": []}}}, "app/services/github_service.py": {"executed_lines": [1, 7, 9, 10, 11, 12, 14, 16, 19, 20, 26, 33, 35, 37, 38, 41, 42, 43, 47, 48, 49, 51, 53, 55, 56, 58, 83, 84, 86, 88, 89, 91, 97, 98, 101, 108, 110, 118, 119, 120, 122, 133, 135, 137, 138, 140, 176, 188, 189, 190, 192, 194, 196, 197, 201, 203, 215, 216, 217, 219, 221, 223, 224, 228, 230, 242, 243, 244, 246, 248, 252, 253, 257, 259, 271, 272, 273, 276, 277, 280, 282, 284, 285, 289, 291, 301, 302, 303, 311, 321, 322, 323, 331, 341, 342, 343, 345, 351, 352, 353], "summary": {"covered_lines": 98, "num_statements": 104, "percent_covered": 94.23076923076923, "percent_covered_display": "94", "missing_lines": 6, "excluded_lines": 0, "percent_statements_covered": 94.23076923076923, "percent_statements_covered_display": "94"}, "missing_lines": [304, 305, 309, 324, 325, 329], "excluded_lines": [], "functions": {"GitHubService.__init__": {"executed_lines": [33, 35, 37, 38, 41, 42, 43, 47, 48, 49], "summary": {"covered_lines": 10, "num_statements": 10, "percent_covered": 100.0, "percent_covered_display": "100", "missing_lines": 0, "excluded_lines": 0, "percent_statements_covered": 100.0, "percent_statements_covered_display": "100"}, "missing_lines": [], "excluded_lines": []}, "GitHubService._get_repo": {"executed_lines": [53, 55, 56], "summary": {"covered_lines": 3, "num_statements": 3, "percent_covered": 100.0, "percent_covered_display": "100", "missing_lines": 0, "excluded_lines": 0, "percent_statements_covered": 100.0, "percent_statements_covered_display": "100"}, "missing_lines": [], "excluded_lines": []}, "GitHubService.create_pull_request": {"executed_lines": [83, 84, 86, 88, 89, 91, 97, 98, 101, 108, 110, 118, 119, 120], "summary": {"covered_lines": 14, "num_statements": 14, "percent_covered": 100.0, "percent_covered_display": "100", "missing_lines": 0, "excluded_lines": 0, "percent_statements_covered": 100.0, "percent_statements_covered_display": "100"}, "missing_lines": [], "excluded_lines": []}, "GitHubService._build_pr_body": {"executed_lines": [133, 135, 137, 138, 140], "summary": {"covered_lines": 5, "num_statements": 5, "percent_covered": 100.0, "percent_covered_display": "100", "missing_lines": 0, "excluded_lines": 0, "percent_statements_covered": 100.0, "percent_statements_covered_display": "100"}, "missing_lines": [], "excluded_lines": []}, "GitHubService.add_comment_to_issue": {"executed_lines": [188, 189, 190, 192, 194, 196, 197, 201], "summary": {"covered_lines": 8, "num_statements": 8, "percent_covered": 100.0, "percent_covered_display": "100", "missing_lines": 0, "excluded_lines": 0, "percent_statements_covered": 100.0, "percent_statements_covered_display": "100"}, "missing_lines": [], "excluded_lines": []}, "GitHubService.add_comment_to_pr": {"executed_lines": [215, 216, 217, 219, 221, 223, 224, 228], "summary": {"covered_lines": 8, "num_statements": 8, "percent_covered": 100.0, "percent_covered_display": "100", "missing_lines": 0, "excluded_lines": 0, "percent_statements_covered": 100.0, "percent_statements_covered_display": "100"}, "missing_lines": [], "excluded_lines": []}, "GitHubService.update_issue_labels": {"executed_lines": [242, 243, 244, 246, 248, 252, 253, 257], "summary": {"covered_lines": 8, "num_statements": 8, "percent_covered": 100.0, "percent_covered_display": "100", "missing_lines": 0, "excluded_lines": 0, "percent_statements_covered": 100.0, "percent_statements_covered_display": "100"}, "missing_lines": [], "excluded_lines": []}, "GitHubService.close_issue": {"executed_lines": [271, 272, 273, 276, 277, 280, 282, 284, 285, 289], "summary": {"covered_lines": 10, "num_statements": 10, "percent_covered": 100.0, "percent_covered_display": "100", "missing_lines": 0, "excluded_lines": 0, "percent_statements_covered": 100.0, "percent_statements_covered_display": "100"}, "missing_lines": [], "excluded_lines": []}, "GitHubService.get_issue": {"executed_lines": [301, 302, 303], "summary": {"covered_lines": 3, "num_statements": 6, "percent_covered": 50.0, "percent_covered_display": "50", "missing_lines": 3, "excluded_lines": 0, "percent_statements_covered": 50.0, "percent_statements_covered_display": "50"}, "missing_lines": [304, 305, 309], "excluded_lines": []}, "GitHubService.get_pull_request": {"executed_lines": [321, 322, 323], "summary": {"covered_lines": 3, "num_statements": 6, "percent_covered": 50.0, "percent_covered_display": "50", "missing_lines": 3, "excluded_lines": 0, "percent_statements_covered": 50.0, "percent_statements_covered_display": "50"}, "missing_lines": [324, 325, 329], "excluded_lines": []}, "GitHubService.get_rate_limit": {"executed_lines": [341, 342, 343, 345, 351, 352, 353], "summary": {"covered_lines": 7, "num_statements": 7, "percent_covered": 100.0, "percent_covered_display": "100", "missing_lines": 0, "excluded_lines": 0, "percent_statements_covered": 100.0, "percent_statements_covered_display": "100"}, "missing_lines": [], "excluded_lines": []}, "": {"executed_lines": [1, 7, 9, 10, 11, 12, 14, 16, 19, 20, 26, 51, 58, 122, 176, 203, 230, 259, 291, 311, 331], "summary": {"covered_lines": 19, "num_statements": 19, "percent_covered": 100.0, "percent_covered_display": "100", "missing_lines": 0, "excluded_lines": 0, "percent_statements_covered": 100.0, "percent_statements_covered_display": "100"}, "missing_lines": [], "excluded_lines": []}}, "classes": {"GitHubService": {"executed_lines": [33, 35, 37, 38, 41, 42, 43, 47, 48, 49, 53, 55, 56, 83, 84, 86, 88, 89, 91, 97, 98, 101, 108, 110, 118, 119, 120, 133, 135, 137, 138, 140, 188, 189, 190, 192, 194, 196, 197, 201, 215, 216, 217, 219, 221, 223, 224, 228, 242, 243, 244, 246, 248, 252, 253, 257, 271, 272, 273, 276, 277, 280, 282, 284, 285, 289, 301, 302, 303, 321, 322, 323, 341, 342, 343, 345, 351, 352, 353], "summary": {"covered_lines": 79, "num_statements": 85, "percent_covered": 92.94117647058823, "percent_covered_display": "93", "missing_lines": 6, "excluded_lines": 0, "percent_statements_covered": 92.94117647058823, "percent_statements_covered_display": "93"}, "missing_lines": [304, 305, 309, 324, 325, 329], "excluded_lines": []}, "": {"executed_lines": [1, 7, 9, 10, 11, 12, 14, 16, 19, 20, 26, 51, 58, 122, 176, 203, 230, 259, 291, 311, 331], "summary": {"covered_lines": 19, "num_statements": 19, "percent_covered": 100.0, "percent_covered_display": "100", "missing_lines": 0, "excluded_lines": 0, "percent_statements_covered": 100.0, "percent_statements_covered_display": "100"}, "missing_lines": [], "excluded_lines": []}}}, "app/services/webhook_handler.py": {"executed_lines": [], "summary": {"covered_lines": 0, "num_statements": 122, "percent_covered": 0.0, "percent_covered_display": "0", "missing_lines": 122, "excluded_lines": 0, "percent_statements_covered": 0.0, "percent_statements_covered_display": "0"}, "missing_lines": [7, 9, 15, 16, 17, 18, 19, 25, 28, 35, 37, 38, 39, 41, 43, 45, 46, 47, 49, 50, 51, 53, 54, 55, 57, 72, 75, 76, 78, 80, 81, 82, 83, 84, 85, 86, 92, 93, 95, 96, 100, 106, 116, 118, 119, 120, 122, 128, 130, 132, 133, 139, 140, 143, 146, 153, 154, 155, 161, 171, 173, 174, 175, 176, 178, 184, 185, 186, 189, 191, 193, 198, 199, 202, 205, 212, 213, 214, 220, 239, 241, 242, 244, 246, 249, 250, 251, 254, 255, 262, 263, 264, 267, 268, 272, 273, 275, 282, 285, 286, 288, 289, 294, 295, 296, 298, 301, 302, 303, 306, 307, 314, 319, 326, 337, 338, 341, 342, 343, 347, 348, 350], "excluded_lines": [], "functions": {"WebhookHandler.__init__": {"executed_lines": [], "summary": {"covered_lines": 0, "num_statements": 4, "percent_covered": 0.0, "percent_covered_display": "0", "missing_lines": 4, "excluded_lines": 0, "percent_statements_covered": 0.0, "percent_statements_covered_display": "0"}, "missing_lines": [37, 38, 39, 41], "excluded_lines": []}, "WebhookHandler._init_services": {"executed_lines": [], "summary": {"covered_lines": 0, "num_statements": 9, "percent_covered": 0.0, "percent_covered_display": "0", "missing_lines": 9, "excluded_lines": 0, "percent_statements_covered": 0.0, "percent_statements_covered_display": "0"}, "missing_lines": [45, 46, 47, 49, 50, 51, 53, 54, 55], "excluded_lines": []}, "WebhookHandler.handle_event": {"executed_lines": [], "summary": {"covered_lines": 0, "num_statements": 16, "percent_covered": 0.0, "percent_covered_display": "0", "missing_lines": 16, "excluded_lines": 0, "percent_statements_covered": 0.0, "percent_statements_covered_display": "0"}, "missing_lines": [72, 75, 76, 78, 80, 81, 82, 83, 84, 85, 86, 92, 93, 95, 96, 100], "excluded_lines": []}, "WebhookHandler._handle_issue_event": {"executed_lines": [], "summary": {"covered_lines": 0, "num_statements": 16, "percent_covered": 0.0, "percent_covered_display": "0", "missing_lines": 16, "excluded_lines": 0, "percent_statements_covered": 0.0, "percent_statements_covered_display": "0"}, "missing_lines": [116, 118, 119, 120, 122, 128, 130, 132, 133, 139, 140, 143, 146, 153, 154, 155], "excluded_lines": []}, "WebhookHandler._handle_comment_event": {"executed_lines": [], "summary": {"covered_lines": 0, "num_statements": 19, "percent_covered": 0.0, "percent_covered_display": "0", "missing_lines": 19, "excluded_lines": 0, "percent_statements_covered": 0.0, "percent_statements_covered_display": "0"}, "missing_lines": [171, 173, 174, 175, 176, 178, 184, 185, 186, 189, 191, 193, 198, 199, 202, 205, 212, 213, 214], "excluded_lines": []}, "WebhookHandler._trigger_ai_development": {"executed_lines": [], "summary": {"covered_lines": 0, "num_statements": 43, "percent_covered": 0.0, "percent_covered_display": "0", "missing_lines": 43, "excluded_lines": 0, "percent_statements_covered": 0.0, "percent_statements_covered_display": "0"}, "missing_lines": [239, 241, 242, 244, 246, 249, 250, 251, 254, 255, 262, 263, 264, 267, 268, 272, 273, 275, 282, 285, 286, 288, 289, 294, 295, 296, 298, 301, 302, 303, 306, 307, 314, 319, 326, 337, 338, 341, 342, 343, 347, 348, 350], "excluded_lines": []}, "": {"executed_lines": [], "summary": {"covered_lines": 0, "num_statements": 15, "percent_covered": 0.0, "percent_covered_display": "0", "missing_lines": 15, "excluded_lines": 0, "percent_statements_covered": 0.0, "percent_statements_covered_display": "0"}, "missing_lines": [7, 9, 15, 16, 17, 18, 19, 25, 28, 35, 43, 57, 106, 161, 220], "excluded_lines": []}}, "classes": {"WebhookHandler": {"executed_lines": [], "summary": {"covered_lines": 0, "num_statements": 107, "percent_covered": 0.0, "percent_covered_display": "0", "missing_lines": 107, "excluded_lines": 0, "percent_statements_covered": 0.0, "percent_statements_covered_display": "0"}, "missing_lines": [37, 38, 39, 41, 45, 46, 47, 49, 50, 51, 53, 54, 55, 72, 75, 76, 78, 80, 81, 82, 83, 84, 85, 86, 92, 93, 95, 96, 100, 116, 118, 119, 120, 122, 128, 130, 132, 133, 139, 140, 143, 146, 153, 154, 155, 171, 173, 174, 175, 176, 178, 184, 185, 186, 189, 191, 193, 198, 199, 202, 205, 212, 213, 214, 239, 241, 242, 244, 246, 249, 250, 251, 254, 255, 262, 263, 264, 267, 268, 272, 273, 275, 282, 285, 286, 288, 289, 294, 295, 296, 298, 301, 302, 303, 306, 307, 314, 319, 326, 337, 338, 341, 342, 343, 347, 348, 350], "excluded_lines": []}, "": {"executed_lines": [], "summary": {"covered_lines": 0, "num_statements": 15, "percent_covered": 0.0, "percent_covered_display": "0", "missing_lines": 15, "excluded_lines": 0, "percent_statements_covered": 0.0, "percent_statements_covered_display": "0"}, "missing_lines": [7, 9, 15, 16, 17, 18, 19, 25, 28, 35, 43, 57, 106, 161, 220], "excluded_lines": []}}}, "app/utils/logger.py": {"executed_lines": [1, 7, 8, 9, 10, 11, 12, 14, 17, 83, 110, 120, 121, 125, 126, 132, 133, 135, 138, 166, 195], "summary": {"covered_lines": 19, "num_statements": 71, "percent_covered": 26.760563380281692, "percent_covered_display": "27", "missing_lines": 52, "excluded_lines": 0, "percent_statements_covered": 26.760563380281692, "percent_statements_covered_display": "27"}, "missing_lines": [44, 45, 46, 47, 50, 52, 53, 55, 58, 60, 61, 63, 69, 70, 71, 74, 75, 76, 77, 78, 80, 91, 122, 146, 147, 148, 149, 150, 153, 154, 155, 156, 157, 158, 159, 161, 163, 174, 175, 176, 177, 178, 181, 182, 183, 184, 185, 186, 187, 189, 191, 205], "excluded_lines": [], "functions": {"setup_logger": {"executed_lines": [], "summary": {"covered_lines": 0, "num_statements": 21, "percent_covered": 0.0, "percent_covered_display": "0", "missing_lines": 21, "excluded_lines": 0, "percent_statements_covered": 0.0, "percent_statements_covered_display": "0"}, "missing_lines": [44, 45, 46, 47, 50, 52, 53, 55, 58, 60, 61, 63, 69, 70, 71, 74, 75, 76, 77, 78, 80], "excluded_lines": []}, "configure_structlog": {"executed_lines": [], "summary": {"covered_lines": 0, "num_statements": 1, "percent_covered": 0.0, "percent_covered_display": "0", "missing_lines": 1, "excluded_lines": 0, "percent_statements_covered": 0.0, "percent_statements_covered_display": "0"}, "missing_lines": [91], "excluded_lines": []}, "get_logger": {"executed_lines": [120, 121], "summary": {"covered_lines": 2, "num_statements": 3, "percent_covered": 66.66666666666667, "percent_covered_display": "67", "missing_lines": 1, "excluded_lines": 0, "percent_statements_covered": 66.66666666666667, "percent_statements_covered_display": "67"}, "missing_lines": [122], "excluded_lines": []}, "LoggerMixin.logger": {"executed_lines": [135], "summary": {"covered_lines": 1, "num_statements": 1, "percent_covered": 100.0, "percent_covered_display": "100", "missing_lines": 0, "excluded_lines": 0, "percent_statements_covered": 100.0, "percent_statements_covered_display": "100"}, "missing_lines": [], "excluded_lines": []}, "log_function_call": {"executed_lines": [], "summary": {"covered_lines": 0, "num_statements": 3, "percent_covered": 0.0, "percent_covered_display": "0", "missing_lines": 3, "excluded_lines": 0, "percent_statements_covered": 0.0, "percent_statements_covered_display": "0"}, "missing_lines": [146, 147, 163], "excluded_lines": []}, "log_function_call.decorator": {"executed_lines": [], "summary": {"covered_lines": 0, "num_statements": 2, "percent_covered": 0.0, "percent_covered_display": "0", "missing_lines": 2, "excluded_lines": 0, "percent_statements_covered": 0.0, "percent_statements_covered_display": "0"}, "missing_lines": [148, 161], "excluded_lines": []}, "log_function_call.decorator.wrapper": {"executed_lines": [], "summary": {"covered_lines": 0, "num_statements": 9, "percent_covered": 0.0, "percent_covered_display": "0", "missing_lines": 9, "excluded_lines": 0, "percent_statements_covered": 0.0, "percent_statements_covered_display": "0"}, "missing_lines": [149, 150, 153, 154, 155, 156, 157, 158, 159], "excluded_lines": []}, "log_async_function_call": {"executed_lines": [], "summary": {"covered_lines": 0, "num_statements": 3, "percent_covered": 0.0, "percent_covered_display": "0", "missing_lines": 3, "excluded_lines": 0, "percent_statements_covered": 0.0, "percent_statements_covered_display": "0"}, "missing_lines": [174, 175, 191], "excluded_lines": []}, "log_async_function_call.decorator": {"executed_lines": [], "summary": {"covered_lines": 0, "num_statements": 2, "percent_covered": 0.0, "percent_covered_display": "0", "missing_lines": 2, "excluded_lines": 0, "percent_statements_covered": 0.0, "percent_statements_covered_display": "0"}, "missing_lines": [176, 189], "excluded_lines": []}, "log_async_function_call.decorator.wrapper": {"executed_lines": [], "summary": {"covered_lines": 0, "num_statements": 9, "percent_covered": 0.0, "percent_covered_display": "0", "missing_lines": 9, "excluded_lines": 0, "percent_statements_covered": 0.0, "percent_statements_covered_display": "0"}, "missing_lines": [177, 178, 181, 182, 183, 184, 185, 186, 187], "excluded_lines": []}, "setup_from_config": {"executed_lines": [], "summary": {"covered_lines": 0, "num_statements": 1, "percent_covered": 0.0, "percent_covered_display": "0", "missing_lines": 1, "excluded_lines": 0, "percent_statements_covered": 0.0, "percent_statements_covered_display": "0"}, "missing_lines": [205], "excluded_lines": []}, "": {"executed_lines": [1, 7, 8, 9, 10, 11, 12, 14, 17, 83, 110, 125, 126, 132, 133, 138, 166, 195], "summary": {"covered_lines": 16, "num_statements": 16, "percent_covered": 100.0, "percent_covered_display": "100", "missing_lines": 0, "excluded_lines": 0, "percent_statements_covered": 100.0, "percent_statements_covered_display": "100"}, "missing_lines": [], "excluded_lines": []}}, "classes": {"LoggerMixin": {"executed_lines": [135], "summary": {"covered_lines": 1, "num_statements": 1, "percent_covered": 100.0, "percent_covered_display": "100", "missing_lines": 0, "excluded_lines": 0, "percent_statements_covered": 100.0, "percent_statements_covered_display": "100"}, "missing_lines": [], "excluded_lines": []}, "": {"executed_lines": [1, 7, 8, 9, 10, 11, 12, 14, 17, 83, 110, 120, 121, 125, 126, 132, 133, 138, 166, 195], "summary": {"covered_lines": 18, "num_statements": 70, "percent_covered": 25.714285714285715, "percent_covered_display": "26", "missing_lines": 52, "excluded_lines": 0, "percent_statements_covered": 25.714285714285715, "percent_statements_covered_display": "26"}, "missing_lines": [44, 45, 46, 47, 50, 52, 53, 55, 58, 60, 61, 63, 69, 70, 71, 74, 75, 76, 77, 78, 80, 91, 122, 146, 147, 148, 149, 150, 153, 154, 155, 156, 157, 158, 159, 161, 163, 174, 175, 176, 177, 178, 181, 182, 183, 184, 185, 186, 187, 189, 191, 205], "excluded_lines": []}}}, "app/utils/validators.py": {"executed_lines": [], "summary": {"covered_lines": 0, "num_statements": 91, "percent_covered": 0.0, "percent_covered_display": "0", "missing_lines": 91, "excluded_lines": 0, "percent_statements_covered": 0.0, "percent_statements_covered_display": "0"}, "missing_lines": [7, 8, 9, 10, 11, 13, 15, 18, 37, 38, 39, 41, 42, 43, 46, 47, 48, 49, 52, 53, 54, 57, 60, 62, 63, 69, 71, 74, 85, 86, 89, 100, 102, 103, 105, 106, 107, 108, 109, 111, 112, 114, 115, 116, 117, 118, 120, 121, 122, 123, 124, 125, 127, 128, 131, 141, 143, 144, 145, 147, 148, 151, 168, 169, 170, 173, 174, 175, 177, 178, 181, 195, 196, 197, 200, 201, 202, 204, 205, 208, 219, 220, 230, 231, 232, 233, 235, 236, 237, 239, 241], "excluded_lines": [], "functions": {"verify_webhook_signature": {"executed_lines": [], "summary": {"covered_lines": 0, "num_statements": 19, "percent_covered": 0.0, "percent_covered_display": "0", "missing_lines": 19, "excluded_lines": 0, "percent_statements_covered": 0.0, "percent_statements_covered_display": "0"}, "missing_lines": [37, 38, 39, 41, 42, 43, 46, 47, 48, 49, 52, 53, 54, 57, 60, 62, 63, 69, 71], "excluded_lines": []}, "_calculate_signature": {"executed_lines": [], "summary": {"covered_lines": 0, "num_statements": 2, "percent_covered": 0.0, "percent_covered_display": "0", "missing_lines": 2, "excluded_lines": 0, "percent_statements_covered": 0.0, "percent_statements_covered_display": "0"}, "missing_lines": [85, 86], "excluded_lines": []}, "validate_ip_address": {"executed_lines": [], "summary": {"covered_lines": 0, "num_statements": 23, "percent_covered": 0.0, "percent_covered_display": "0", "missing_lines": 23, "excluded_lines": 0, "percent_statements_covered": 0.0, "percent_statements_covered_display": "0"}, "missing_lines": [100, 102, 103, 105, 106, 107, 108, 109, 111, 112, 114, 115, 116, 117, 118, 120, 121, 122, 123, 124, 125, 127, 128], "excluded_lines": []}, "validate_github_event": {"executed_lines": [], "summary": {"covered_lines": 0, "num_statements": 6, "percent_covered": 0.0, "percent_covered_display": "0", "missing_lines": 6, "excluded_lines": 0, "percent_statements_covered": 0.0, "percent_statements_covered_display": "0"}, "missing_lines": [141, 143, 144, 145, 147, 148], "excluded_lines": []}, "validate_issue_trigger": {"executed_lines": [], "summary": {"covered_lines": 0, "num_statements": 8, "percent_covered": 0.0, "percent_covered_display": "0", "missing_lines": 8, "excluded_lines": 0, "percent_statements_covered": 0.0, "percent_statements_covered_display": "0"}, "missing_lines": [168, 169, 170, 173, 174, 175, 177, 178], "excluded_lines": []}, "validate_comment_trigger": {"executed_lines": [], "summary": {"covered_lines": 0, "num_statements": 8, "percent_covered": 0.0, "percent_covered_display": "0", "missing_lines": 8, "excluded_lines": 0, "percent_statements_covered": 0.0, "percent_statements_covered_display": "0"}, "missing_lines": [195, 196, 197, 200, 201, 202, 204, 205], "excluded_lines": []}, "sanitize_log_data": {"executed_lines": [], "summary": {"covered_lines": 0, "num_statements": 11, "percent_covered": 0.0, "percent_covered_display": "0", "missing_lines": 11, "excluded_lines": 0, "percent_statements_covered": 0.0, "percent_statements_covered_display": "0"}, "missing_lines": [219, 220, 230, 231, 232, 233, 235, 236, 237, 239, 241], "excluded_lines": []}, "": {"executed_lines": [], "summary": {"covered_lines": 0, "num_statements": 14, "percent_covered": 0.0, "percent_covered_display": "0", "missing_lines": 14, "excluded_lines": 0, "percent_statements_covered": 0.0, "percent_statements_covered_display": "0"}, "missing_lines": [7, 8, 9, 10, 11, 13, 15, 18, 74, 89, 131, 151, 181, 208], "excluded_lines": []}}, "classes": {"": {"executed_lines": [], "summary": {"covered_lines": 0, "num_statements": 91, "percent_covered": 0.0, "percent_covered_display": "0", "missing_lines": 91, "excluded_lines": 0, "percent_statements_covered": 0.0, "percent_statements_covered_display": "0"}, "missing_lines": [7, 8, 9, 10, 11, 13, 15, 18, 37, 38, 39, 41, 42, 43, 46, 47, 48, 49, 52, 53, 54, 57, 60, 62, 63, 69, 71, 74, 85, 86, 89, 100, 102, 103, 105, 106, 107, 108, 109, 111, 112, 114, 115, 116, 117, 118, 120, 121, 122, 123, 124, 125, 127, 128, 131, 141, 143, 144, 145, 147, 148, 151, 168, 169, 170, 173, 174, 175, 177, 178, 181, 195, 196, 197, 200, 201, 202, 204, 205, 208, 219, 220, 230, 231, 232, 233, 235, 236, 237, 239, 241], "excluded_lines": []}}}}, "totals": {"covered_lines": 213, "num_statements": 1016, "percent_covered": 20.96456692913386, "percent_covered_display": "21", "missing_lines": 803, "excluded_lines": 2, "percent_statements_covered": 20.96456692913386, "percent_statements_covered_display": "21"}}